<?xml version="1.0" encoding="UTF-8"?>
<!-- Generated by org.testng.reporters.JUnitReportReporter -->
<testsuite hostname="DESKTOP-3HUK4M9" failures="0" tests="3" name="tests.Runner1smoketest" time="354.782" errors="0" timestamp="2021-07-20T14:58:44 IST" skipped="0">
  <testcase classname="tests.Runner1smoketest" name="runScenario" time="95.965"/>
  <system-out/>
  <testcase classname="tests.Runner1smoketest" name="runScenario" time="145.902"/>
  <system-out/>
  <testcase classname="tests.Runner1smoketest" name="runScenario" time="112.915"/>
  <system-out/>
</testsuite> <!-- tests.Runner1smoketest -->
